2025-04-04 07:45:20.642045 - Received SBGOLOB.CBT509.FILE314 from FILE314.XMI 
2025-04-04 07:45:20.643759 - Found $$$#DATE.txt (text/plain) in SBGOLOB.CBT509.FILE314, moved to PDS/$$$#DATE
2025-04-04 07:45:20.643911 - Found $$NOTE01.txt (text/plain) in SBGOLOB.CBT509.FILE314, moved to PDS/$$NOTE01
2025-04-04 07:45:20.644064 - Found $DOC.txt (text/plain) in SBGOLOB.CBT509.FILE314, moved to PDS/$DOC
2025-04-04 07:45:20.644229 - Found @FILE314.txt (text/plain) in SBGOLOB.CBT509.FILE314, moved to PDS/@FILE314
2025-04-04 07:45:20.644366 - Found TXT2CSV.xmi (application/xmit) in SBGOLOB.CBT509.FILE314, moved to PDS/TXT2CSV.xmi
2025-04-04 07:45:20.665610 - Received T311LBD.LIONEL.EXEC from TXT2CSV.xmi 
2025-04-04 07:45:20.666044 - Found TXT2CSV.rexx (text/x-Algol68) in T311LBD.LIONEL.EXEC, moved to TXT2CSV/TXT2CSV
2025-04-04 07:45:20.666377 - Found TXT2HTC$.txt (text/plain) in SBGOLOB.CBT509.FILE314, moved to PDS/TXT2HTC$
2025-04-04 07:45:20.666564 - Found TXT2HTML.xmi (application/xmit) in SBGOLOB.CBT509.FILE314, moved to PDS/TXT2HTML.xmi
2025-04-04 07:45:20.743339 - Received SYSLBD.TXT2HTML.PDS from TXT2HTML.xmi 
2025-04-04 07:45:20.743952 - Found $DOC.txt (text/plain) in SYSLBD.TXT2HTML.PDS, moved to TXT2HTML/$DOC
2025-04-04 07:45:20.744105 - Found CHANGES.txt (text/plain) in SYSLBD.TXT2HTML.PDS, moved to TXT2HTML/CHANGES
2025-04-04 07:45:20.744281 - Found EXEC.xmi (application/xmit) in SYSLBD.TXT2HTML.PDS, moved to TXT2HTML/EXEC.xmi
2025-04-04 07:45:20.775729 - Received SYSLBD.LIONEL.EXECFB from EXEC.xmi 
2025-04-04 07:45:20.776173 - Found TXT2HTML.rexx (text/plain) in SYSLBD.LIONEL.EXECFB, moved to TXT2HTML/EXEC/TXT2HTML
2025-04-04 07:45:20.776508 - Found LICENSE.txt (text/plain) in SYSLBD.TXT2HTML.PDS, moved to TXT2HTML/LICENSE
2025-04-04 07:45:20.776649 - Found RECEIVE.rexx (text/plain) in SYSLBD.TXT2HTML.PDS, moved to TXT2HTML/RECEIVE
2025-04-04 07:45:20.776772 - Found TXT2HTML.txt (text/plain) in SYSLBD.TXT2HTML.PDS, moved to TXT2HTML/TXT2HTML
2025-04-04 07:45:20.777654 - Found TXT2PDF.xmi (application/xmit) in SBGOLOB.CBT509.FILE314, moved to PDS/TXT2PDF.xmi
2025-04-04 07:45:21.103682 - Received SYSLBD.TXT2PDF.PDS from TXT2PDF.xmi 
2025-04-04 07:45:21.104697 - Found $DOC.txt (text/plain) in SYSLBD.TXT2PDF.PDS, moved to TXT2PDF/$DOC
2025-04-04 07:45:21.104882 - Found ASM.xmi (application/xmit) in SYSLBD.TXT2PDF.PDS, moved to TXT2PDF/ASM.xmi
2025-04-04 07:45:21.192209 - Received SYSLBD.TXT2PDF.ASM from ASM.xmi 
2025-04-04 07:45:21.192819 - Found $DOCT2P.txt (text/plain) in SYSLBD.TXT2PDF.ASM, moved to TXT2PDF/ASM/$DOCT2P
2025-04-04 07:45:21.192971 - Found T2PARC4.txt (text/plain) in SYSLBD.TXT2PDF.ASM, moved to TXT2PDF/ASM/T2PARC4
2025-04-04 07:45:21.193104 - Found T2PCOMP.txt (text/plain) in SYSLBD.TXT2PDF.ASM, moved to TXT2PDF/ASM/T2PCOMP
2025-04-04 07:45:21.193489 - Found T2PINIT.txt (text/plain) in SYSLBD.TXT2PDF.ASM, moved to TXT2PDF/ASM/T2PINIT
2025-04-04 07:45:21.193725 - Found T2PMD5.txt (text/plain) in SYSLBD.TXT2PDF.ASM, moved to TXT2PDF/ASM/T2PMD5
2025-04-04 07:45:21.193861 - Found T2PTERM.txt (text/plain) in SYSLBD.TXT2PDF.ASM, moved to TXT2PDF/ASM/T2PTERM
2025-04-04 07:45:21.194325 - Found CHANGES.txt (text/plain) in SYSLBD.TXT2PDF.PDS, moved to TXT2PDF/CHANGES
2025-04-04 07:45:21.194747 - Found EXEC.xmi (application/xmit) in SYSLBD.TXT2PDF.PDS, moved to TXT2PDF/EXEC.xmi
2025-04-04 07:45:21.422933 - Received SYSLBD.TXT2PDF.EXEC from EXEC.xmi 
2025-04-04 07:45:21.423782 - Found TXT2PDF.rexx (text/html) in SYSLBD.TXT2PDF.EXEC, moved to TXT2PDF/EXEC/TXT2PDF
2025-04-04 07:45:21.423930 - Found TXT2PDFD.rexx (text/plain) in SYSLBD.TXT2PDF.EXEC, moved to TXT2PDF/EXEC/TXT2PDFD
2025-04-04 07:45:21.424075 - Found TXT2PDFI.rexx (text/plain) in SYSLBD.TXT2PDF.EXEC, moved to TXT2PDF/EXEC/TXT2PDFI
2025-04-04 07:45:21.424210 - Found TXT2PDFX.rexx (text/plain) in SYSLBD.TXT2PDF.EXEC, moved to TXT2PDF/EXEC/TXT2PDFX
2025-04-04 07:45:21.424349 - Found XLATCOMP.rexx (text/plain) in SYSLBD.TXT2PDF.EXEC, moved to TXT2PDF/EXEC/XLATCOMP
2025-04-04 07:45:21.424464 - Found XLATE000.rexx (text/plain) in SYSLBD.TXT2PDF.EXEC, moved to TXT2PDF/EXEC/XLATE000
2025-04-04 07:45:21.424599 - Found XLATE001.rexx (text/plain) in SYSLBD.TXT2PDF.EXEC, moved to TXT2PDF/EXEC/XLATE001
2025-04-04 07:45:21.424734 - Found XLATE002.rexx (text/plain) in SYSLBD.TXT2PDF.EXEC, moved to TXT2PDF/EXEC/XLATE002
2025-04-04 07:45:21.424848 - Found XLATE003.rexx (text/plain) in SYSLBD.TXT2PDF.EXEC, moved to TXT2PDF/EXEC/XLATE003
2025-04-04 07:45:21.424981 - Found XLATE004.rexx (text/plain) in SYSLBD.TXT2PDF.EXEC, moved to TXT2PDF/EXEC/XLATE004
2025-04-04 07:45:21.425133 - Found XLATE005.rexx (text/plain) in SYSLBD.TXT2PDF.EXEC, moved to TXT2PDF/EXEC/XLATE005
2025-04-04 07:45:21.425250 - Found XLATE006.rexx (text/plain) in SYSLBD.TXT2PDF.EXEC, moved to TXT2PDF/EXEC/XLATE006
2025-04-04 07:45:21.426396 - Found FONTS.xmi (application/xmit) in SYSLBD.TXT2PDF.PDS, moved to TXT2PDF/FONTS.xmi
2025-04-04 07:45:21.588365 - Received SYSLBD.TXT2PDF.FONTS from FONTS.xmi 
2025-04-04 07:45:21.589262 - Found IBM1025U.txt (text/plain) in SYSLBD.TXT2PDF.FONTS, moved to TXT2PDF/FONTS/IBM1025U
2025-04-04 07:45:21.589407 - Found IBM1026U.txt (text/plain) in SYSLBD.TXT2PDF.FONTS, moved to TXT2PDF/FONTS/IBM1026U
2025-04-04 07:45:21.589536 - Found IBM1047U.txt (text/plain) in SYSLBD.TXT2PDF.FONTS, moved to TXT2PDF/FONTS/IBM1047U
2025-04-04 07:45:21.589670 - Found UCMREAD.txt (text/plain) in SYSLBD.TXT2PDF.FONTS, moved to TXT2PDF/FONTS/UCMREAD
2025-04-04 07:45:21.589802 - Found VERAMOBD.sfnt (font/sfnt) in SYSLBD.TXT2PDF.FONTS, moved to TXT2PDF/FONTS/VERAMOBD
2025-04-04 07:45:21.589927 - Found VERAMOBI.sfnt (font/sfnt) in SYSLBD.TXT2PDF.FONTS, moved to TXT2PDF/FONTS/VERAMOBI
2025-04-04 07:45:21.590055 - Found VERAMOIT.sfnt (font/sfnt) in SYSLBD.TXT2PDF.FONTS, moved to TXT2PDF/FONTS/VERAMOIT
2025-04-04 07:45:21.590178 - Found VERAMONO.sfnt (font/sfnt) in SYSLBD.TXT2PDF.FONTS, moved to TXT2PDF/FONTS/VERAMONO
2025-04-04 07:45:21.590292 - Found XFONT000.txt (text/plain) in SYSLBD.TXT2PDF.FONTS, moved to TXT2PDF/FONTS/XFONT000
2025-04-04 07:45:21.590403 - Found XFONT001.txt (text/plain) in SYSLBD.TXT2PDF.FONTS, moved to TXT2PDF/FONTS/XFONT001
2025-04-04 07:45:21.590523 - Found XFONT002.txt (text/plain) in SYSLBD.TXT2PDF.FONTS, moved to TXT2PDF/FONTS/XFONT002
2025-04-04 07:45:21.590638 - Found XLATE000.rexx (text/plain) in SYSLBD.TXT2PDF.FONTS, moved to TXT2PDF/FONTS/XLATE000
2025-04-04 07:45:21.590755 - Found XLATE001.rexx (text/plain) in SYSLBD.TXT2PDF.FONTS, moved to TXT2PDF/FONTS/XLATE001
2025-04-04 07:45:21.590866 - Found XLATE002.rexx (text/plain) in SYSLBD.TXT2PDF.FONTS, moved to TXT2PDF/FONTS/XLATE002
2025-04-04 07:45:21.590978 - Found XLATE003.rexx (text/plain) in SYSLBD.TXT2PDF.FONTS, moved to TXT2PDF/FONTS/XLATE003
2025-04-04 07:45:21.591093 - Found XLATE004.rexx (text/plain) in SYSLBD.TXT2PDF.FONTS, moved to TXT2PDF/FONTS/XLATE004
2025-04-04 07:45:21.591213 - Found XLATE005.rexx (text/plain) in SYSLBD.TXT2PDF.FONTS, moved to TXT2PDF/FONTS/XLATE005
2025-04-04 07:45:21.592010 - Found GREENBAR.txt (text/plain) in SYSLBD.TXT2PDF.PDS, moved to TXT2PDF/GREENBAR
2025-04-04 07:45:21.592187 - Found INSTALL.txt (text/plain) in SYSLBD.TXT2PDF.PDS, moved to TXT2PDF/INSTALL
2025-04-04 07:45:21.592310 - Found IVPJOB.jcl (text/plain) in SYSLBD.TXT2PDF.PDS, moved to TXT2PDF/IVPJOB
2025-04-04 07:45:21.592448 - Found LICENSE.txt (text/plain) in SYSLBD.TXT2PDF.PDS, moved to TXT2PDF/LICENSE
2025-04-04 07:45:21.592582 - Found LOAD.xmi (application/xmit) in SYSLBD.TXT2PDF.PDS, moved to TXT2PDF/LOAD.xmi
2025-04-04 07:45:21.603318 - Received SYSLBD.TXT2PDF.LOAD from LOAD.xmi 
2025-04-04 07:45:21.603732 - Found T2PARC4.bin (application/octet-stream) in SYSLBD.TXT2PDF.LOAD, moved to TXT2PDF/LOAD/T2PARC4
2025-04-04 07:45:21.603859 - Found T2PCOMP.bin (application/octet-stream) in SYSLBD.TXT2PDF.LOAD, moved to TXT2PDF/LOAD/T2PCOMP
2025-04-04 07:45:21.603977 - Found T2PINIT.bin (application/octet-stream) in SYSLBD.TXT2PDF.LOAD, moved to TXT2PDF/LOAD/T2PINIT
2025-04-04 07:45:21.604101 - Found T2PMD5.bin (application/octet-stream) in SYSLBD.TXT2PDF.LOAD, moved to TXT2PDF/LOAD/T2PMD5
2025-04-04 07:45:21.604212 - Found T2PTERM.bin (application/octet-stream) in SYSLBD.TXT2PDF.LOAD, moved to TXT2PDF/LOAD/T2PTERM
2025-04-04 07:45:21.604623 - Found OMVSIVP.rexx (text/plain) in SYSLBD.TXT2PDF.PDS, moved to TXT2PDF/OMVSIVP
2025-04-04 07:45:21.604748 - Found PANELS.xmi (application/xmit) in SYSLBD.TXT2PDF.PDS, moved to TXT2PDF/PANELS.xmi
2025-04-04 07:45:21.780950 - Received SYSLBD.TXT2PDF.PANELS from PANELS.xmi 
2025-04-04 07:45:21.781948 - Found T2P.txt (text/plain) in SYSLBD.TXT2PDF.PANELS, moved to TXT2PDF/PANELS/T2P
2025-04-04 07:45:21.782083 - Found T2PCO.txt (text/plain) in SYSLBD.TXT2PDF.PANELS, moved to TXT2PDF/PANELS/T2PCO
2025-04-04 07:45:21.782205 - Found T2PGC.txt (text/plain) in SYSLBD.TXT2PDF.PANELS, moved to TXT2PDF/PANELS/T2PGC
2025-04-04 07:45:21.782326 - Found T2PGJ.txt (text/plain) in SYSLBD.TXT2PDF.PANELS, moved to TXT2PDF/PANELS/T2PGJ
2025-04-04 07:45:21.782437 - Found T2PGS.txt (text/plain) in SYSLBD.TXT2PDF.PANELS, moved to TXT2PDF/PANELS/T2PGS
2025-04-04 07:45:21.782547 - Found T2PH0.txt (text/plain) in SYSLBD.TXT2PDF.PANELS, moved to TXT2PDF/PANELS/T2PH0
2025-04-04 07:45:21.782677 - Found T2PP.txt (text/plain) in SYSLBD.TXT2PDF.PANELS, moved to TXT2PDF/PANELS/T2PP
2025-04-04 07:45:21.782800 - Found T2PPD.txt (text/plain) in SYSLBD.TXT2PDF.PANELS, moved to TXT2PDF/PANELS/T2PPD
2025-04-04 07:45:21.782911 - Found T2PPF.txt (text/plain) in SYSLBD.TXT2PDF.PANELS, moved to TXT2PDF/PANELS/T2PPF
2025-04-04 07:45:21.783027 - Found T2PPM.txt (text/plain) in SYSLBD.TXT2PDF.PANELS, moved to TXT2PDF/PANELS/T2PPM
2025-04-04 07:45:21.783146 - Found T2PPU.txt (text/plain) in SYSLBD.TXT2PDF.PANELS, moved to TXT2PDF/PANELS/T2PPU
2025-04-04 07:45:21.783260 - Found T2P1.txt (text/plain) in SYSLBD.TXT2PDF.PANELS, moved to TXT2PDF/PANELS/T2P1
2025-04-04 07:45:21.783368 - Found T2P2.txt (text/plain) in SYSLBD.TXT2PDF.PANELS, moved to TXT2PDF/PANELS/T2P2
2025-04-04 07:45:21.783484 - Found T2P3.txt (text/plain) in SYSLBD.TXT2PDF.PANELS, moved to TXT2PDF/PANELS/T2P3
2025-04-04 07:45:21.783601 - Found T2P4.txt (text/plain) in SYSLBD.TXT2PDF.PANELS, moved to TXT2PDF/PANELS/T2P4
2025-04-04 07:45:21.783733 - Found T2P5.txt (text/plain) in SYSLBD.TXT2PDF.PANELS, moved to TXT2PDF/PANELS/T2P5
2025-04-04 07:45:21.783853 - Found T2P6.txt (text/plain) in SYSLBD.TXT2PDF.PANELS, moved to TXT2PDF/PANELS/T2P6
2025-04-04 07:45:21.783968 - Found T2P6A.txt (text/plain) in SYSLBD.TXT2PDF.PANELS, moved to TXT2PDF/PANELS/T2P6A
2025-04-04 07:45:21.784095 - Found T2P7.txt (text/plain) in SYSLBD.TXT2PDF.PANELS, moved to TXT2PDF/PANELS/T2P7
2025-04-04 07:45:21.784212 - Found T2P8.txt (text/plain) in SYSLBD.TXT2PDF.PANELS, moved to TXT2PDF/PANELS/T2P8
2025-04-04 07:45:21.784333 - Found T2P9.txt (text/plain) in SYSLBD.TXT2PDF.PANELS, moved to TXT2PDF/PANELS/T2P9
2025-04-04 07:45:21.785219 - Found PDFSAMP.pdf (application/pdf) in SYSLBD.TXT2PDF.PDS, moved to TXT2PDF/docs/PDFSAMP.pdf
2025-04-04 07:45:21.785354 - Found PDFXLTB.rexx (text/plain) in SYSLBD.TXT2PDF.PDS, moved to TXT2PDF/PDFXLTB
2025-04-04 07:45:21.785467 - Found README.txt (text/plain) in SYSLBD.TXT2PDF.PDS, moved to TXT2PDF/README
2025-04-04 07:45:21.785586 - Found RECEIVE.rexx (text/plain) in SYSLBD.TXT2PDF.PDS, moved to TXT2PDF/RECEIVE
2025-04-04 07:45:21.785700 - Found RECEIVEX.rexx (text/plain) in SYSLBD.TXT2PDF.PDS, moved to TXT2PDF/RECEIVEX
2025-04-04 07:45:21.785816 - Found TESTJPG.jpg (image/jpeg) in SYSLBD.TXT2PDF.PDS, moved to TXT2PDF/TESTJPG
2025-04-04 07:45:21.785952 - Found USAGE.txt (text/plain) in SYSLBD.TXT2PDF.PDS, moved to TXT2PDF/USAGE
2025-04-04 07:45:21.786081 - Found XFONT000.txt (text/plain) in SYSLBD.TXT2PDF.PDS, moved to TXT2PDF/XFONT000
2025-04-04 07:45:21.786187 - Found XFONT001.txt (text/plain) in SYSLBD.TXT2PDF.PDS, moved to TXT2PDF/XFONT001
2025-04-04 07:45:21.786294 - Found XFONT002.txt (text/plain) in SYSLBD.TXT2PDF.PDS, moved to TXT2PDF/XFONT002
2025-04-04 07:45:21.786400 - Found XLATCOMP.txt (text/plain) in SYSLBD.TXT2PDF.PDS, moved to TXT2PDF/XLATCOMP
2025-04-04 07:45:21.786517 - Found ZLIB.xmi (application/xmit) in SYSLBD.TXT2PDF.PDS, moved to TXT2PDF/ZLIB.xmi
2025-04-04 07:45:21.805639 - Received SYSLBD.TXT2PDF.ZLIB from ZLIB.xmi 
2025-04-04 07:45:21.806095 - Found $ZSUP$.bin (application/octet-stream) in SYSLBD.TXT2PDF.ZLIB, moved to TXT2PDF/ZLIB/$ZSUP$
2025-04-04 07:45:21.806216 - Found ADLER32.bin (application/octet-stream) in SYSLBD.TXT2PDF.ZLIB, moved to TXT2PDF/ZLIB/ADLER32
2025-04-04 07:45:21.806330 - Found COMPRESS.bin (application/octet-stream) in SYSLBD.TXT2PDF.ZLIB, moved to TXT2PDF/ZLIB/COMPRESS
2025-04-04 07:45:21.806456 - Found DEFLATE.bin (application/octet-stream) in SYSLBD.TXT2PDF.ZLIB, moved to TXT2PDF/ZLIB/DEFLATE
2025-04-04 07:45:21.806577 - Found LICENSE.txt (text/plain) in SYSLBD.TXT2PDF.ZLIB, moved to TXT2PDF/ZLIB/LICENSE
2025-04-04 07:45:21.806697 - Found TREES.bin (application/octet-stream) in SYSLBD.TXT2PDF.ZLIB, moved to TXT2PDF/ZLIB/TREES
2025-04-04 07:45:21.806804 - Found ZUTIL.bin (application/octet-stream) in SYSLBD.TXT2PDF.ZLIB, moved to TXT2PDF/ZLIB/ZUTIL
2025-04-04 07:45:21.808300 - Found TXT2PDF#.pdf (application/pdf) in SBGOLOB.CBT509.FILE314, moved to docs/TXT2PDF#.pdf
2025-04-04 07:45:21.808532 - Found TXT2PDF@.doc (application/msword) in SBGOLOB.CBT509.FILE314, moved to docs/TXT2PDF@.doc
2025-04-04 07:45:21.808677 - Found TXT2PDFH.txt (text/plain) in SBGOLOB.CBT509.FILE314, moved to PDS/TXT2PDFH
2025-04-04 07:45:21.808803 - Found TXT2RTF.xmi (application/xmit) in SBGOLOB.CBT509.FILE314, moved to PDS/TXT2RTF.xmi
2025-04-04 07:45:21.842856 - Received T311LBD.LIONEL.EXEC from TXT2RTF.xmi 
2025-04-04 07:45:21.843275 - Found TXT2RTF.rexx (text/plain) in T311LBD.LIONEL.EXEC, moved to TXT2RTF/TXT2RTF
2025-04-04 07:45:21.843611 - Found TXT2RTF$.txt (text/plain) in SBGOLOB.CBT509.FILE314, moved to PDS/TXT2RTF$
2025-04-04 07:45:21.843739 - Found UIDLIST.rexx (text/plain) in SBGOLOB.CBT509.FILE314, moved to PDS/UIDLIST
2025-04-04 07:45:21.843879 - Found USSBATCH.xmi (application/xmit) in SBGOLOB.CBT509.FILE314, moved to PDS/USSBATCH.xmi
2025-04-04 07:45:21.875481 - Received T311LBD.USSBATCH.PDS from USSBATCH.xmi 
2025-04-04 07:45:21.875931 - Found $README.txt (text/plain) in T311LBD.USSBATCH.PDS, moved to USSBATCH/$README
2025-04-04 07:45:21.876069 - Found JCL.jcl (text/plain) in T311LBD.USSBATCH.PDS, moved to USSBATCH/JCL
2025-04-04 07:45:21.876202 - Found USSBATCH.rexx (text/plain) in T311LBD.USSBATCH.PDS, moved to USSBATCH/USSBATCH
2025-04-04 07:45:21.876568 - Found VB2FB.rexx (text/plain) in SBGOLOB.CBT509.FILE314, moved to PDS/VB2FB
2025-04-04 07:45:21.876722 - Found VCURSOR.rexx (text/plain) in SBGOLOB.CBT509.FILE314, moved to PDS/VCURSOR
2025-04-04 07:45:21.876857 - Found VCURSOR1.rexx (text/plain) in SBGOLOB.CBT509.FILE314, moved to PDS/VCURSOR1
2025-04-04 07:45:21.876992 - Found WHOSON.xmi (application/xmit) in SBGOLOB.CBT509.FILE314, moved to PDS/WHOSON.xmi
2025-04-04 07:45:21.905796 - Received LBDYCK.WHOSON.EXEC from WHOSON.xmi 
2025-04-04 07:45:21.906210 - Found $README.txt (text/plain) in LBDYCK.WHOSON.EXEC, moved to WHOSON/$README
2025-04-04 07:45:21.906340 - Found WHOSON.rexx (text/plain) in LBDYCK.WHOSON.EXEC, moved to WHOSON/WHOSON
2025-04-04 07:45:21.906662 - Found WORDNUM.rexx (text/plain) in SBGOLOB.CBT509.FILE314, moved to PDS/WORDNUM
2025-04-04 07:45:21.906803 - Found XIT.rexx (text/plain) in SBGOLOB.CBT509.FILE314, moved to PDS/XIT
2025-04-04 07:45:21.906945 - Found XMIAFREN.html (text/html) in SBGOLOB.CBT509.FILE314, moved to PDS/XMIAFREN
2025-04-04 07:45:21.907070 - Found XMITB64.xmi (application/xmit) in SBGOLOB.CBT509.FILE314, moved to PDS/XMITB64.xmi
2025-04-04 07:45:21.927487 - Received SYSLBD.XMITB64.PDS from XMITB64.xmi 
2025-04-04 07:45:21.927935 - Found $DOC.txt (text/plain) in SYSLBD.XMITB64.PDS, moved to XMITB64/$DOC
2025-04-04 07:45:21.928061 - Found LOAD.xmi (application/xmit) in SYSLBD.XMITB64.PDS, moved to XMITB64/LOAD.xmi
2025-04-04 07:45:21.931925 - Received SYSLBD.XMITIP.LOAD from LOAD.xmi 
2025-04-04 07:45:21.932242 - Found XMITB64.bin (application/octet-stream) in SYSLBD.XMITIP.LOAD, moved to XMITB64/LOAD/XMITB64
2025-04-04 07:45:21.932525 - Found RECEIVE.rexx (text/plain) in SYSLBD.XMITB64.PDS, moved to XMITB64/RECEIVE
2025-04-04 07:45:21.932663 - Found XMITB64.xmi (application/xmit) in SYSLBD.XMITB64.PDS, moved to XMITB64/XMITB64.xmi
2025-04-04 07:45:21.966559 - Received SYSLBD.XMITIP.ASM from XMITB64.xmi 
2025-04-04 07:45:21.967154 - Found $DOC.txt (text/plain) in SYSLBD.XMITIP.ASM, moved to XMITB64/XMITB64/$DOC
2025-04-04 07:45:21.967281 - Found JCL.jcl (text/plain) in SYSLBD.XMITIP.ASM, moved to XMITB64/XMITB64/JCL
2025-04-04 07:45:21.967417 - Found XMITB64.txt (text/plain) in SYSLBD.XMITIP.ASM, moved to XMITB64/XMITB64/XMITB64
2025-04-04 07:45:21.967925 - Found XMITFREN.html (text/html) in SBGOLOB.CBT509.FILE314, moved to PDS/XMITFREN
2025-04-04 07:45:21.968087 - Found XMITIHST.txt (text/plain) in SBGOLOB.CBT509.FILE314, moved to PDS/XMITIHST
2025-04-04 07:45:21.968263 - Found XMITINS#.pdf (application/pdf) in SBGOLOB.CBT509.FILE314, moved to docs/XMITINS#.pdf
2025-04-04 07:45:21.968434 - Found XMITINS@.doc (application/msword) in SBGOLOB.CBT509.FILE314, moved to docs/XMITINS@.doc
2025-04-04 07:45:21.970897 - Found XMITIP.xmi (application/xmit) in SBGOLOB.CBT509.FILE314, moved to PDS/XMITIP.xmi
2025-04-04 07:45:22.875550 - Received SLBD.XMITIP.PDS from XMITIP.xmi 
2025-04-04 07:45:22.877673 - Found $DOC.txt (text/plain) in SLBD.XMITIP.PDS, moved to XMITIP/$DOC
2025-04-04 07:45:22.877814 - Found $WISH.txt (text/plain) in SLBD.XMITIP.PDS, moved to XMITIP/$WISH
2025-04-04 07:45:22.877947 - Found ALLOCGDG.txt (text/plain) in SLBD.XMITIP.PDS, moved to XMITIP/ALLOCGDG
2025-04-04 07:45:22.878142 - Found ASM.xmi (application/xmit) in SLBD.XMITIP.PDS, moved to XMITIP/ASM.xmi
2025-04-04 07:45:23.024514 - Received SLBD.XMITIP.ASM from ASM.xmi 
2025-04-04 07:45:23.025254 - Found $DOC.txt (text/plain) in SLBD.XMITIP.ASM, moved to XMITIP/ASM/$DOC
2025-04-04 07:45:23.025397 - Found $DOCT2P.txt (text/plain) in SLBD.XMITIP.ASM, moved to XMITIP/ASM/$DOCT2P
2025-04-04 07:45:23.025543 - Found ENCODEXM.jcl (text/plain) in SLBD.XMITIP.ASM, moved to XMITIP/ASM/ENCODEXM
2025-04-04 07:45:23.025686 - Found EXITJCL.jcl (text/plain) in SLBD.XMITIP.ASM, moved to XMITIP/ASM/EXITJCL
2025-04-04 07:45:23.025823 - Found SMTPEXIT.txt (text/plain) in SLBD.XMITIP.ASM, moved to XMITIP/ASM/SMTPEXIT
2025-04-04 07:45:23.025945 - Found T2PARC4.txt (text/plain) in SLBD.XMITIP.ASM, moved to XMITIP/ASM/T2PARC4
2025-04-04 07:45:23.026060 - Found T2PCOMP.txt (text/plain) in SLBD.XMITIP.ASM, moved to XMITIP/ASM/T2PCOMP
2025-04-04 07:45:23.026188 - Found T2PINIT.txt (text/plain) in SLBD.XMITIP.ASM, moved to XMITIP/ASM/T2PINIT
2025-04-04 07:45:23.026304 - Found T2PMD5.txt (text/plain) in SLBD.XMITIP.ASM, moved to XMITIP/ASM/T2PMD5
2025-04-04 07:45:23.026424 - Found T2PTERM.txt (text/plain) in SLBD.XMITIP.ASM, moved to XMITIP/ASM/T2PTERM
2025-04-04 07:45:23.026542 - Found USERMOD.txt (text/plain) in SLBD.XMITIP.ASM, moved to XMITIP/ASM/USERMOD
2025-04-04 07:45:23.027179 - Found CHANGES.html (text/html) in SLBD.XMITIP.PDS, moved to XMITIP/CHANGES
2025-04-04 07:45:23.027318 - Found CHARSET.txt (text/plain) in SLBD.XMITIP.PDS, moved to XMITIP/CHARSET
2025-04-04 07:45:23.027495 - Found COMPILE.txt (text/plain) in SLBD.XMITIP.PDS, moved to XMITIP/COMPILE
2025-04-04 07:45:23.027610 - Found DISTINFO.txt (text/plain) in SLBD.XMITIP.PDS, moved to XMITIP/DISTINFO
2025-04-04 07:45:23.028633 - Found EXEC.xmi (application/xmit) in SLBD.XMITIP.PDS, moved to XMITIP/EXEC.xmi
2025-04-04 07:45:24.076092 - Received SLBD.XMITIP.EXEC from EXEC.xmi 
2025-04-04 07:45:24.078164 - Found ALLOCGDG.rexx (text/plain) in SLBD.XMITIP.EXEC, moved to XMITIP/EXEC/ALLOCGDG
2025-04-04 07:45:24.078310 - Found CONDCODE.rexx (text/plain) in SLBD.XMITIP.EXEC, moved to XMITIP/EXEC/CONDCODE
2025-04-04 07:45:24.078436 - Found EDITMAIL.rexx (text/plain) in SLBD.XMITIP.EXEC, moved to XMITIP/EXEC/EDITMAIL
2025-04-04 07:45:24.078559 - Found GENRFDBE.rexx (text/plain) in SLBD.XMITIP.EXEC, moved to XMITIP/EXEC/GENRFDBE
2025-04-04 07:45:24.078680 - Found GENRFDBK.rexx (text/plain) in SLBD.XMITIP.EXEC, moved to XMITIP/EXEC/GENRFDBK
2025-04-04 07:45:24.078808 - Found LDAPMAIL.rexx (text/plain) in SLBD.XMITIP.EXEC, moved to XMITIP/EXEC/LDAPMAIL
2025-04-04 07:45:24.078931 - Found LOGIT.rexx (text/plain) in SLBD.XMITIP.EXEC, moved to XMITIP/EXEC/LOGIT
2025-04-04 07:45:24.079052 - Found LOGITCPY.rexx (text/plain) in SLBD.XMITIP.EXEC, moved to XMITIP/EXEC/LOGITCPY
2025-04-04 07:45:24.079170 - Found MAILFILE.rexx (text/plain) in SLBD.XMITIP.EXEC, moved to XMITIP/EXEC/MAILFILE
2025-04-04 07:45:24.079291 - Found MAILHFSE.rexx (text/plain) in SLBD.XMITIP.EXEC, moved to XMITIP/EXEC/MAILHFSE
2025-04-04 07:45:24.079432 - Found SDSFEXT.rexx (text/plain) in SLBD.XMITIP.EXEC, moved to XMITIP/EXEC/SDSFEXT
2025-04-04 07:45:24.079554 - Found SENDFILE.rexx (text/plain) in SLBD.XMITIP.EXEC, moved to XMITIP/EXEC/SENDFILE
2025-04-04 07:45:24.079666 - Found SETIOFK.rexx (text/plain) in SLBD.XMITIP.EXEC, moved to XMITIP/EXEC/SETIOFK
2025-04-04 07:45:24.079780 - Found SETSDSFK.rexx (text/plain) in SLBD.XMITIP.EXEC, moved to XMITIP/EXEC/SETSDSFK
2025-04-04 07:45:24.079893 - Found SMTPRTN.rexx (text/plain) in SLBD.XMITIP.EXEC, moved to XMITIP/EXEC/SMTPRTN
2025-04-04 07:45:24.080015 - Found SMTPSTAT.rexx (text/plain) in SLBD.XMITIP.EXEC, moved to XMITIP/EXEC/SMTPSTAT
2025-04-04 07:45:24.080143 - Found SMTPUPD.rexx (text/plain) in SLBD.XMITIP.EXEC, moved to XMITIP/EXEC/SMTPUPD
2025-04-04 07:45:24.080257 - Found SXMITLOG.rexx (text/plain) in SLBD.XMITIP.EXEC, moved to XMITIP/EXEC/SXMITLOG
2025-04-04 07:45:24.080395 - Found TESTCU.rexx (text/plain) in SLBD.XMITIP.EXEC, moved to XMITIP/EXEC/TESTCU
2025-04-04 07:45:24.080509 - Found TESTCUHT.rexx (text/plain) in SLBD.XMITIP.EXEC, moved to XMITIP/EXEC/TESTCUHT
2025-04-04 07:45:24.080627 - Found TESTIPTR.rexx (text/plain) in SLBD.XMITIP.EXEC, moved to XMITIP/EXEC/TESTIPTR
2025-04-04 07:45:24.080769 - Found TXT2HTML.rexx (text/plain) in SLBD.XMITIP.EXEC, moved to XMITIP/EXEC/TXT2HTML
2025-04-04 07:45:24.080904 - Found TXT2RTF.rexx (text/plain) in SLBD.XMITIP.EXEC, moved to XMITIP/EXEC/TXT2RTF
2025-04-04 07:45:24.081020 - Found VXMITLOG.rexx (text/plain) in SLBD.XMITIP.EXEC, moved to XMITIP/EXEC/VXMITLOG
2025-04-04 07:45:24.081149 - Found XMIT#IVP.rexx (text/plain) in SLBD.XMITIP.EXEC, moved to XMITIP/EXEC/XMIT#IVP
2025-04-04 07:45:24.081271 - Found XMITBULK.rexx (text/plain) in SLBD.XMITIP.EXEC, moved to XMITIP/EXEC/XMITBULK
2025-04-04 07:45:24.081392 - Found XMITB64.txt (text/plain) in SLBD.XMITIP.EXEC, moved to XMITIP/EXEC/XMITB64
2025-04-04 07:45:24.081508 - Found XMITFDAT.rexx (text/plain) in SLBD.XMITIP.EXEC, moved to XMITIP/EXEC/XMITFDAT
2025-04-04 07:45:24.081634 - Found XMITIOF.rexx (text/plain) in SLBD.XMITIP.EXEC, moved to XMITIP/EXEC/XMITIOF
2025-04-04 07:45:24.081744 - Found XMITIOFM.rexx (text/plain) in SLBD.XMITIP.EXEC, moved to XMITIP/EXEC/XMITIOFM
2025-04-04 07:45:24.081964 - Found XMITIP.rexx (text/plain) in SLBD.XMITIP.EXEC, moved to XMITIP/EXEC/XMITIP
2025-04-04 07:45:24.082105 - Found XMITIPC$.rexx (text/plain) in SLBD.XMITIP.EXEC, moved to XMITIP/EXEC/XMITIPC$
2025-04-04 07:45:24.082254 - Found XMITIPCU.rexx (text/plain) in SLBD.XMITIP.EXEC, moved to XMITIP/EXEC/XMITIPCU
2025-04-04 07:45:24.082386 - Found XMITIPDS.rexx (text/plain) in SLBD.XMITIP.EXEC, moved to XMITIP/EXEC/XMITIPDS
2025-04-04 07:45:24.082496 - Found XMITIPED.rexx (text/plain) in SLBD.XMITIP.EXEC, moved to XMITIP/EXEC/XMITIPED
2025-04-04 07:45:24.082605 - Found XMITIPEM.rexx (text/plain) in SLBD.XMITIP.EXEC, moved to XMITIP/EXEC/XMITIPEM
2025-04-04 07:45:24.082717 - Found XMITIPEX.rexx (text/plain) in SLBD.XMITIP.EXEC, moved to XMITIP/EXEC/XMITIPEX
2025-04-04 07:45:24.082832 - Found XMITIPFB.rexx (text/plain) in SLBD.XMITIP.EXEC, moved to XMITIP/EXEC/XMITIPFB
2025-04-04 07:45:24.082948 - Found XMITIPFE.rexx (text/plain) in SLBD.XMITIP.EXEC, moved to XMITIP/EXEC/XMITIPFE
2025-04-04 07:45:24.083059 - Found XMITIPFV.rexx (text/plain) in SLBD.XMITIP.EXEC, moved to XMITIP/EXEC/XMITIPFV
2025-04-04 07:45:24.083199 - Found XMITIPI.rexx (text/plain) in SLBD.XMITIP.EXEC, moved to XMITIP/EXEC/XMITIPI
2025-04-04 07:45:24.083323 - Found XMITIPIC.rexx (text/plain) in SLBD.XMITIP.EXEC, moved to XMITIP/EXEC/XMITIPIC
2025-04-04 07:45:24.083449 - Found XMITIPID.rexx (text/plain) in SLBD.XMITIP.EXEC, moved to XMITIP/EXEC/XMITIPID
2025-04-04 07:45:24.083574 - Found XMITIPM.rexx (text/plain) in SLBD.XMITIP.EXEC, moved to XMITIP/EXEC/XMITIPM
2025-04-04 07:45:24.083686 - Found XMITIPML.rexx (text/plain) in SLBD.XMITIP.EXEC, moved to XMITIP/EXEC/XMITIPML
2025-04-04 07:45:24.083829 - Found XMITIPMU.rexx (application/javascript) in SLBD.XMITIP.EXEC, moved to XMITIP/EXEC/XMITIPMU
2025-04-04 07:45:24.083937 - Found XMITIPPD.rexx (text/plain) in SLBD.XMITIP.EXEC, moved to XMITIP/EXEC/XMITIPPD
2025-04-04 07:45:24.084074 - Found XMITIPSP.rexx (text/plain) in SLBD.XMITIP.EXEC, moved to XMITIP/EXEC/XMITIPSP
2025-04-04 07:45:24.084188 - Found XMITIPTD.rexx (text/plain) in SLBD.XMITIP.EXEC, moved to XMITIP/EXEC/XMITIPTD
2025-04-04 07:45:24.084302 - Found XMITIPTR.rexx (text/plain) in SLBD.XMITIP.EXEC, moved to XMITIP/EXEC/XMITIPTR
2025-04-04 07:45:24.084422 - Found XMITIPUI.rexx (text/plain) in SLBD.XMITIP.EXEC, moved to XMITIP/EXEC/XMITIPUI
2025-04-04 07:45:24.084537 - Found XMITIPZP.rexx (text/plain) in SLBD.XMITIP.EXEC, moved to XMITIP/EXEC/XMITIPZP
2025-04-04 07:45:24.084655 - Found XMITIP00.rexx (text/plain) in SLBD.XMITIP.EXEC, moved to XMITIP/EXEC/XMITIP00
2025-04-04 07:45:24.084773 - Found XMITLDAP.rexx (text/plain) in SLBD.XMITIP.EXEC, moved to XMITIP/EXEC/XMITLDAP
2025-04-04 07:45:24.084900 - Found XMITSDSF.rexx (text/plain) in SLBD.XMITIP.EXEC, moved to XMITIP/EXEC/XMITSDSF
2025-04-04 07:45:24.085013 - Found XMITSOCK.rexx (text/plain) in SLBD.XMITIP.EXEC, moved to XMITIP/EXEC/XMITSOCK
2025-04-04 07:45:24.085139 - Found XMITZCHK.rexx (text/plain) in SLBD.XMITIP.EXEC, moved to XMITIP/EXEC/XMITZCHK
2025-04-04 07:45:24.085259 - Found XMITZEX1.rexx (text/plain) in SLBD.XMITIP.EXEC, moved to XMITIP/EXEC/XMITZEX1
2025-04-04 07:45:24.085389 - Found XMITZEX2.rexx (text/plain) in SLBD.XMITIP.EXEC, moved to XMITIP/EXEC/XMITZEX2
2025-04-04 07:45:24.085506 - Found XMITZQEN.rexx (text/plain) in SLBD.XMITIP.EXEC, moved to XMITIP/EXEC/XMITZQEN
2025-04-04 07:45:24.089072 - Found FEEDBACK.jcl (text/plain) in SLBD.XMITIP.PDS, moved to XMITIP/FEEDBACK
2025-04-04 07:45:24.089190 - Found FRENCH.txt (text/plain) in SLBD.XMITIP.PDS, moved to XMITIP/FRENCH
2025-04-04 07:45:24.089306 - Found GERMAN.txt (text/plain) in SLBD.XMITIP.PDS, moved to XMITIP/GERMAN
2025-04-04 07:45:24.089414 - Found HIDDEN.txt (text/plain) in SLBD.XMITIP.PDS, moved to XMITIP/HIDDEN
2025-04-04 07:45:24.089524 - Found IEFDB401.txt (text/plain) in SLBD.XMITIP.PDS, moved to XMITIP/IEFDB401
2025-04-04 07:45:24.089639 - Found IOF.txt (text/plain) in SLBD.XMITIP.PDS, moved to XMITIP/IOF
2025-04-04 07:45:24.089749 - Found IOFXMIT.txt (text/plain) in SLBD.XMITIP.PDS, moved to XMITIP/IOFXMIT
2025-04-04 07:45:24.089858 - Found IVPADDR.txt (text/plain) in SLBD.XMITIP.PDS, moved to XMITIP/IVPADDR
2025-04-04 07:45:24.089967 - Found IVPASA.txt (text/plain) in SLBD.XMITIP.PDS, moved to XMITIP/IVPASA
2025-04-04 07:45:24.090049 - Found IVPEMPTY.x-empty (application/x-empty) in SLBD.XMITIP.PDS, moved to XMITIP/IVPEMPTY
2025-04-04 07:45:24.090162 - Found IVPJOB.jcl (text/plain) in SLBD.XMITIP.PDS, moved to XMITIP/IVPJOB
2025-04-04 07:45:24.090278 - Found IVPMSG.txt (text/plain) in SLBD.XMITIP.PDS, moved to XMITIP/IVPMSG
2025-04-04 07:45:24.090384 - Found IZGERMAN.txt (text/plain) in SLBD.XMITIP.PDS, moved to XMITIP/IZGERMAN
2025-04-04 07:45:24.090490 - Found IZIPA.jcl (text/plain) in SLBD.XMITIP.PDS, moved to XMITIP/IZIPA
2025-04-04 07:45:24.090603 - Found IZIPE.jcl (text/plain) in SLBD.XMITIP.PDS, moved to XMITIP/IZIPE
2025-04-04 07:45:24.090722 - Found LDAP.txt (text/plain) in SLBD.XMITIP.PDS, moved to XMITIP/LDAP
2025-04-04 07:45:24.090839 - Found LICENSE.txt (text/plain) in SLBD.XMITIP.PDS, moved to XMITIP/LICENSE
2025-04-04 07:45:24.091267 - Found LOAD.xmi (application/xmit) in SLBD.XMITIP.PDS, moved to XMITIP/LOAD.xmi
2025-04-04 07:45:24.186959 - Received SLBD.XMITIP.LOAD from LOAD.xmi 
2025-04-04 07:45:24.187444 - Found ENCODEXM.bin (application/octet-stream) in SLBD.XMITIP.LOAD, moved to XMITIP/LOAD/ENCODEXM
2025-04-04 07:45:24.187583 - Found STEMPULL.bin (application/octet-stream) in SLBD.XMITIP.LOAD, moved to XMITIP/LOAD/STEMPULL
2025-04-04 07:45:24.187706 - Found STEMPUSH.bin (application/octet-stream) in SLBD.XMITIP.LOAD, moved to XMITIP/LOAD/STEMPUSH
2025-04-04 07:45:24.187917 - Found UDSMTP.bin (application/octet-stream) in SLBD.XMITIP.LOAD, moved to XMITIP/LOAD/UDSMTP
2025-04-04 07:45:24.188120 - Found ZIP.bin (application/octet-stream) in SLBD.XMITIP.LOAD, moved to XMITIP/LOAD/ZIP
2025-04-04 07:45:24.188316 - Found ZIPO.bin (application/octet-stream) in SLBD.XMITIP.LOAD, moved to XMITIP/LOAD/ZIPO
2025-04-04 07:45:24.189593 - Found LOTUS.txt (text/plain) in SLBD.XMITIP.PDS, moved to XMITIP/LOTUS
2025-04-04 07:45:24.189718 - Found MSGS.xmi (application/xmit) in SLBD.XMITIP.PDS, moved to XMITIP/MSGS.xmi
2025-04-04 07:45:24.198708 - Received SLBD.XMITIP.MSGS from MSGS.xmi 
2025-04-04 07:45:24.199082 - Found XMIT00.txt (text/plain) in SLBD.XMITIP.MSGS, moved to XMITIP/MSGS/XMIT00
2025-04-04 07:45:24.199396 - Found NOTIFY.xmi (application/xmit) in SLBD.XMITIP.PDS, moved to XMITIP/NOTIFY.xmi
2025-04-04 07:45:24.233297 - Received SLBD.XMITIP.NOTIFY from NOTIFY.xmi 
2025-04-04 07:45:24.233733 - Found EZA54.txt (text/plain) in SLBD.XMITIP.NOTIFY, moved to XMITIP/NOTIFY/EZA54
2025-04-04 07:45:24.233874 - Found SMTP.txt (text/plain) in SLBD.XMITIP.NOTIFY, moved to XMITIP/NOTIFY/SMTP
2025-04-04 07:45:24.234222 - Found OLDOS.rexx (text/plain) in SLBD.XMITIP.PDS, moved to XMITIP/OLDOS
2025-04-04 07:45:24.234344 - Found OLDOSE.rexx (text/plain) in SLBD.XMITIP.PDS, moved to XMITIP/OLDOSE
2025-04-04 07:45:24.234508 - Found PANELS.xmi (application/xmit) in SLBD.XMITIP.PDS, moved to XMITIP/PANELS.xmi
2025-04-04 07:45:25.029849 - Received SLBD.XMITIP.PANELS from PANELS.xmi 
2025-04-04 07:45:25.034060 - Found LDAPMLP.txt (text/plain) in SLBD.XMITIP.PANELS, moved to XMITIP/PANELS/LDAPMLP
2025-04-04 07:45:25.034212 - Found LDAPMLT.txt (text/plain) in SLBD.XMITIP.PANELS, moved to XMITIP/PANELS/LDAPMLT
2025-04-04 07:45:25.034345 - Found TXT2RTF.txt (text/plain) in SLBD.XMITIP.PANELS, moved to XMITIP/PANELS/TXT2RTF
2025-04-04 07:45:25.034474 - Found XMITIP.txt (text/plain) in SLBD.XMITIP.PANELS, moved to XMITIP/PANELS/XMITIP
2025-04-04 07:45:25.034593 - Found XMITIPAD.txt (text/plain) in SLBD.XMITIP.PANELS, moved to XMITIP/PANELS/XMITIPAD
2025-04-04 07:45:25.034709 - Found XMITIPAH.txt (text/plain) in SLBD.XMITIP.PANELS, moved to XMITIP/PANELS/XMITIPAH
2025-04-04 07:45:25.034824 - Found XMITIPAL.txt (text/plain) in SLBD.XMITIP.PANELS, moved to XMITIP/PANELS/XMITIPAL
2025-04-04 07:45:25.034944 - Found XMITIPAR.txt (text/plain) in SLBD.XMITIP.PANELS, moved to XMITIP/PANELS/XMITIPAR
2025-04-04 07:45:25.035055 - Found XMITIPAS.txt (text/plain) in SLBD.XMITIP.PANELS, moved to XMITIP/PANELS/XMITIPAS
2025-04-04 07:45:25.035175 - Found XMITIPAT.txt (text/plain) in SLBD.XMITIP.PANELS, moved to XMITIP/PANELS/XMITIPAT
2025-04-04 07:45:25.035296 - Found XMITIPAU.txt (text/plain) in SLBD.XMITIP.PANELS, moved to XMITIP/PANELS/XMITIPAU
2025-04-04 07:45:25.035412 - Found XMITIPCC.txt (text/plain) in SLBD.XMITIP.PANELS, moved to XMITIP/PANELS/XMITIPCC
2025-04-04 07:45:25.035519 - Found XMITIPCP.txt (text/plain) in SLBD.XMITIP.PANELS, moved to XMITIP/PANELS/XMITIPCP
2025-04-04 07:45:25.035633 - Found XMITIPCR.txt (text/plain) in SLBD.XMITIP.PANELS, moved to XMITIP/PANELS/XMITIPCR
2025-04-04 07:45:25.035757 - Found XMITIPDS.txt (text/plain) in SLBD.XMITIP.PANELS, moved to XMITIP/PANELS/XMITIPDS
2025-04-04 07:45:25.035869 - Found XMITIPED.txt (text/plain) in SLBD.XMITIP.PANELS, moved to XMITIP/PANELS/XMITIPED
2025-04-04 07:45:25.035986 - Found XMITIPFH.txt (text/plain) in SLBD.XMITIP.PANELS, moved to XMITIP/PANELS/XMITIPFH
2025-04-04 07:45:25.036122 - Found XMITIPFI.txt (text/plain) in SLBD.XMITIP.PANELS, moved to XMITIP/PANELS/XMITIPFI
2025-04-04 07:45:25.036245 - Found XMITIPFP.txt (text/plain) in SLBD.XMITIP.PANELS, moved to XMITIP/PANELS/XMITIPFP
2025-04-04 07:45:25.036358 - Found XMITIPF1.txt (text/plain) in SLBD.XMITIP.PANELS, moved to XMITIP/PANELS/XMITIPF1
2025-04-04 07:45:25.036483 - Found XMITIPF2.txt (text/plain) in SLBD.XMITIP.PANELS, moved to XMITIP/PANELS/XMITIPF2
2025-04-04 07:45:25.036601 - Found XMITIPF3.txt (text/plain) in SLBD.XMITIP.PANELS, moved to XMITIP/PANELS/XMITIPF3
2025-04-04 07:45:25.036734 - Found XMITIPF4.txt (text/plain) in SLBD.XMITIP.PANELS, moved to XMITIP/PANELS/XMITIPF4
2025-04-04 07:45:25.036850 - Found XMITIPF5.txt (text/plain) in SLBD.XMITIP.PANELS, moved to XMITIP/PANELS/XMITIPF5
2025-04-04 07:45:25.036966 - Found XMITIPF6.txt (text/plain) in SLBD.XMITIP.PANELS, moved to XMITIP/PANELS/XMITIPF6
2025-04-04 07:45:25.037111 - Found XMITIPF7.txt (text/plain) in SLBD.XMITIP.PANELS, moved to XMITIP/PANELS/XMITIPF7
2025-04-04 07:45:25.037274 - Found XMITIPF8.txt (text/plain) in SLBD.XMITIP.PANELS, moved to XMITIP/PANELS/XMITIPF8
2025-04-04 07:45:25.037403 - Found XMITIPF9.txt (text/plain) in SLBD.XMITIP.PANELS, moved to XMITIP/PANELS/XMITIPF9
2025-04-04 07:45:25.037523 - Found XMITIPGC.txt (text/plain) in SLBD.XMITIP.PANELS, moved to XMITIP/PANELS/XMITIPGC
2025-04-04 07:45:25.037633 - Found XMITIPGJ.txt (text/plain) in SLBD.XMITIP.PANELS, moved to XMITIP/PANELS/XMITIPGJ
2025-04-04 07:45:25.037761 - Found XMITIPGS.txt (text/plain) in SLBD.XMITIP.PANELS, moved to XMITIP/PANELS/XMITIPGS
2025-04-04 07:45:25.037875 - Found XMITIPHB.txt (text/plain) in SLBD.XMITIP.PANELS, moved to XMITIP/PANELS/XMITIPHB
2025-04-04 07:45:25.037985 - Found XMITIPHC.txt (text/plain) in SLBD.XMITIP.PANELS, moved to XMITIP/PANELS/XMITIPHC
2025-04-04 07:45:25.038104 - Found XMITIPHG.txt (text/plain) in SLBD.XMITIP.PANELS, moved to XMITIP/PANELS/XMITIPHG
2025-04-04 07:45:25.038224 - Found XMITIPHH.txt (text/plain) in SLBD.XMITIP.PANELS, moved to XMITIP/PANELS/XMITIPHH
2025-04-04 07:45:25.038343 - Found XMITIPHI.txt (text/plain) in SLBD.XMITIP.PANELS, moved to XMITIP/PANELS/XMITIPHI
2025-04-04 07:45:25.038461 - Found XMITIPHM.txt (text/plain) in SLBD.XMITIP.PANELS, moved to XMITIP/PANELS/XMITIPHM
2025-04-04 07:45:25.038580 - Found XMITIPHP.txt (text/plain) in SLBD.XMITIP.PANELS, moved to XMITIP/PANELS/XMITIPHP
2025-04-04 07:45:25.038686 - Found XMITIPHR.txt (text/plain) in SLBD.XMITIP.PANELS, moved to XMITIP/PANELS/XMITIPHR
2025-04-04 07:45:25.038799 - Found XMITIPHT.txt (text/plain) in SLBD.XMITIP.PANELS, moved to XMITIP/PANELS/XMITIPHT
2025-04-04 07:45:25.038910 - Found XMITIPHX.txt (text/plain) in SLBD.XMITIP.PANELS, moved to XMITIP/PANELS/XMITIPHX
2025-04-04 07:45:25.039022 - Found XMITIPH0.txt (text/plain) in SLBD.XMITIP.PANELS, moved to XMITIP/PANELS/XMITIPH0
2025-04-04 07:45:25.039132 - Found XMITIPH1.txt (text/plain) in SLBD.XMITIP.PANELS, moved to XMITIP/PANELS/XMITIPH1
2025-04-04 07:45:25.039254 - Found XMITIPH2.txt (text/plain) in SLBD.XMITIP.PANELS, moved to XMITIP/PANELS/XMITIPH2
2025-04-04 07:45:25.039364 - Found XMITIPH3.txt (text/plain) in SLBD.XMITIP.PANELS, moved to XMITIP/PANELS/XMITIPH3
2025-04-04 07:45:25.039479 - Found XMITIPH4.txt (text/plain) in SLBD.XMITIP.PANELS, moved to XMITIP/PANELS/XMITIPH4
2025-04-04 07:45:25.039591 - Found XMITIPIA.txt (text/plain) in SLBD.XMITIP.PANELS, moved to XMITIP/PANELS/XMITIPIA
2025-04-04 07:45:25.039713 - Found XMITIPIC.txt (text/plain) in SLBD.XMITIP.PANELS, moved to XMITIP/PANELS/XMITIPIC
2025-04-04 07:45:25.039827 - Found XMITIPIF.txt (text/plain) in SLBD.XMITIP.PANELS, moved to XMITIP/PANELS/XMITIPIF
2025-04-04 07:45:25.039941 - Found XMITIPIM.txt (text/plain) in SLBD.XMITIP.PANELS, moved to XMITIP/PANELS/XMITIPIM
2025-04-04 07:45:25.040052 - Found XMITIPIZ.txt (text/plain) in SLBD.XMITIP.PANELS, moved to XMITIP/PANELS/XMITIPIZ
2025-04-04 07:45:25.040161 - Found XMITIPLA.txt (text/plain) in SLBD.XMITIP.PANELS, moved to XMITIP/PANELS/XMITIPLA
2025-04-04 07:45:25.040289 - Found XMITIPML.txt (text/plain) in SLBD.XMITIP.PANELS, moved to XMITIP/PANELS/XMITIPML
2025-04-04 07:45:25.040412 - Found XMITIPMT.txt (text/plain) in SLBD.XMITIP.PANELS, moved to XMITIP/PANELS/XMITIPMT
2025-04-04 07:45:25.040525 - Found XMITIPPG.txt (text/plain) in SLBD.XMITIP.PANELS, moved to XMITIP/PANELS/XMITIPPG
2025-04-04 07:45:25.040634 - Found XMITIPPH.txt (text/plain) in SLBD.XMITIP.PANELS, moved to XMITIP/PANELS/XMITIPPH
2025-04-04 07:45:25.040744 - Found XMITIPVP.txt (text/plain) in SLBD.XMITIP.PANELS, moved to XMITIP/PANELS/XMITIPVP
2025-04-04 07:45:25.040852 - Found XMITIPXA.txt (text/plain) in SLBD.XMITIP.PANELS, moved to XMITIP/PANELS/XMITIPXA
2025-04-04 07:45:25.040960 - Found XMITIPXB.txt (text/plain) in SLBD.XMITIP.PANELS, moved to XMITIP/PANELS/XMITIPXB
2025-04-04 07:45:25.041067 - Found XMITIPXC.txt (text/plain) in SLBD.XMITIP.PANELS, moved to XMITIP/PANELS/XMITIPXC
2025-04-04 07:45:25.041172 - Found XMITIPXD.txt (text/plain) in SLBD.XMITIP.PANELS, moved to XMITIP/PANELS/XMITIPXD
2025-04-04 07:45:25.041286 - Found XMITIPXE.txt (text/plain) in SLBD.XMITIP.PANELS, moved to XMITIP/PANELS/XMITIPXE
2025-04-04 07:45:25.041405 - Found XMITIPXF.txt (text/plain) in SLBD.XMITIP.PANELS, moved to XMITIP/PANELS/XMITIPXF
2025-04-04 07:45:25.041530 - Found XMITIPXG.txt (text/plain) in SLBD.XMITIP.PANELS, moved to XMITIP/PANELS/XMITIPXG
2025-04-04 07:45:25.041640 - Found XMITIPXH.txt (text/plain) in SLBD.XMITIP.PANELS, moved to XMITIP/PANELS/XMITIPXH
2025-04-04 07:45:25.041750 - Found XMITIPXI.txt (text/plain) in SLBD.XMITIP.PANELS, moved to XMITIP/PANELS/XMITIPXI
2025-04-04 07:45:25.041863 - Found XMITIPXJ.txt (text/plain) in SLBD.XMITIP.PANELS, moved to XMITIP/PANELS/XMITIPXJ
2025-04-04 07:45:25.041979 - Found XMITIPXK.txt (text/plain) in SLBD.XMITIP.PANELS, moved to XMITIP/PANELS/XMITIPXK
2025-04-04 07:45:25.042089 - Found XMITIPXL.txt (text/plain) in SLBD.XMITIP.PANELS, moved to XMITIP/PANELS/XMITIPXL
2025-04-04 07:45:25.042194 - Found XMITIPXM.txt (text/plain) in SLBD.XMITIP.PANELS, moved to XMITIP/PANELS/XMITIPXM
2025-04-04 07:45:25.042304 - Found XMITIPXN.txt (text/plain) in SLBD.XMITIP.PANELS, moved to XMITIP/PANELS/XMITIPXN
2025-04-04 07:45:25.042410 - Found XMITIPXO.txt (text/plain) in SLBD.XMITIP.PANELS, moved to XMITIP/PANELS/XMITIPXO
2025-04-04 07:45:25.042515 - Found XMITIPXP.txt (text/plain) in SLBD.XMITIP.PANELS, moved to XMITIP/PANELS/XMITIPXP
2025-04-04 07:45:25.042636 - Found XMITIPXQ.txt (text/plain) in SLBD.XMITIP.PANELS, moved to XMITIP/PANELS/XMITIPXQ
2025-04-04 07:45:25.042745 - Found XMITIPXR.txt (text/plain) in SLBD.XMITIP.PANELS, moved to XMITIP/PANELS/XMITIPXR
2025-04-04 07:45:25.042853 - Found XMITIPXS.txt (text/plain) in SLBD.XMITIP.PANELS, moved to XMITIP/PANELS/XMITIPXS
2025-04-04 07:45:25.042975 - Found XMITIPXT.txt (text/plain) in SLBD.XMITIP.PANELS, moved to XMITIP/PANELS/XMITIPXT
2025-04-04 07:45:25.043080 - Found XMITIPXU.txt (text/plain) in SLBD.XMITIP.PANELS, moved to XMITIP/PANELS/XMITIPXU
2025-04-04 07:45:25.043188 - Found XMITIPXV.txt (text/plain) in SLBD.XMITIP.PANELS, moved to XMITIP/PANELS/XMITIPXV
2025-04-04 07:45:25.043298 - Found XMITIPXW.txt (text/plain) in SLBD.XMITIP.PANELS, moved to XMITIP/PANELS/XMITIPXW
2025-04-04 07:45:25.043415 - Found XMITIPXY.txt (text/plain) in SLBD.XMITIP.PANELS, moved to XMITIP/PANELS/XMITIPXY
2025-04-04 07:45:25.043525 - Found XMITIPXZ.txt (text/plain) in SLBD.XMITIP.PANELS, moved to XMITIP/PANELS/XMITIPXZ
2025-04-04 07:45:25.043819 - Found XMITIPX0.txt (text/plain) in SLBD.XMITIP.PANELS, moved to XMITIP/PANELS/XMITIPX0
2025-04-04 07:45:25.043971 - Found XMITIPX1.txt (text/plain) in SLBD.XMITIP.PANELS, moved to XMITIP/PANELS/XMITIPX1
2025-04-04 07:45:25.044102 - Found XMITIPX2.txt (text/plain) in SLBD.XMITIP.PANELS, moved to XMITIP/PANELS/XMITIPX2
2025-04-04 07:45:25.044236 - Found XMITIPX3.txt (text/plain) in SLBD.XMITIP.PANELS, moved to XMITIP/PANELS/XMITIPX3
2025-04-04 07:45:25.044350 - Found XMITIPX4.txt (text/plain) in SLBD.XMITIP.PANELS, moved to XMITIP/PANELS/XMITIPX4
2025-04-04 07:45:25.044462 - Found XMITIPX5.txt (text/plain) in SLBD.XMITIP.PANELS, moved to XMITIP/PANELS/XMITIPX5
2025-04-04 07:45:25.044577 - Found XMITIPX6.txt (text/plain) in SLBD.XMITIP.PANELS, moved to XMITIP/PANELS/XMITIPX6
2025-04-04 07:45:25.044706 - Found XMITIPX7.txt (text/plain) in SLBD.XMITIP.PANELS, moved to XMITIP/PANELS/XMITIPX7
2025-04-04 07:45:25.044819 - Found XMITIPX8.txt (text/plain) in SLBD.XMITIP.PANELS, moved to XMITIP/PANELS/XMITIPX8
2025-04-04 07:45:25.044930 - Found XMITIPX9.txt (text/plain) in SLBD.XMITIP.PANELS, moved to XMITIP/PANELS/XMITIPX9
2025-04-04 07:45:25.045042 - Found XMITIPYA.txt (text/plain) in SLBD.XMITIP.PANELS, moved to XMITIP/PANELS/XMITIPYA
2025-04-04 07:45:25.045161 - Found XMITIPYB.txt (text/plain) in SLBD.XMITIP.PANELS, moved to XMITIP/PANELS/XMITIPYB
2025-04-04 07:45:25.045269 - Found XMITIPYC.txt (text/plain) in SLBD.XMITIP.PANELS, moved to XMITIP/PANELS/XMITIPYC
2025-04-04 07:45:25.045379 - Found XMITIPYD.txt (text/plain) in SLBD.XMITIP.PANELS, moved to XMITIP/PANELS/XMITIPYD
2025-04-04 07:45:25.045487 - Found XMITIPYE.txt (text/plain) in SLBD.XMITIP.PANELS, moved to XMITIP/PANELS/XMITIPYE
2025-04-04 07:45:25.045595 - Found XMITIPZB.txt (text/plain) in SLBD.XMITIP.PANELS, moved to XMITIP/PANELS/XMITIPZB
2025-04-04 07:45:25.045710 - Found XMITIPZC.txt (text/plain) in SLBD.XMITIP.PANELS, moved to XMITIP/PANELS/XMITIPZC
2025-04-04 07:45:25.045830 - Found XMITIPZF.txt (text/plain) in SLBD.XMITIP.PANELS, moved to XMITIP/PANELS/XMITIPZF
2025-04-04 07:45:25.045945 - Found XMITIPZG.txt (text/plain) in SLBD.XMITIP.PANELS, moved to XMITIP/PANELS/XMITIPZG
2025-04-04 07:45:25.046058 - Found XMITIPZH.txt (text/plain) in SLBD.XMITIP.PANELS, moved to XMITIP/PANELS/XMITIPZH
2025-04-04 07:45:25.046166 - Found XMITIPZP.txt (text/plain) in SLBD.XMITIP.PANELS, moved to XMITIP/PANELS/XMITIPZP
2025-04-04 07:45:25.046292 - Found XMITIPZR.txt (text/plain) in SLBD.XMITIP.PANELS, moved to XMITIP/PANELS/XMITIPZR
2025-04-04 07:45:25.046406 - Found XMITIPZT.txt (text/plain) in SLBD.XMITIP.PANELS, moved to XMITIP/PANELS/XMITIPZT
2025-04-04 07:45:25.046514 - Found XMITIPZX.txt (text/plain) in SLBD.XMITIP.PANELS, moved to XMITIP/PANELS/XMITIPZX
2025-04-04 07:45:25.049700 - Found PDF.txt (text/plain) in SLBD.XMITIP.PDS, moved to XMITIP/PDF
2025-04-04 07:45:25.049825 - Found PDFXLTB.rexx (text/plain) in SLBD.XMITIP.PDS, moved to XMITIP/PDFXLTB
2025-04-04 07:45:25.049942 - Found RECEIVE.rexx (text/plain) in SLBD.XMITIP.PDS, moved to XMITIP/RECEIVE
2025-04-04 07:45:25.050055 - Found SAMPDISC.txt (text/plain) in SLBD.XMITIP.PDS, moved to XMITIP/SAMPDISC
2025-04-04 07:45:25.050162 - Found SDSF.txt (text/plain) in SLBD.XMITIP.PDS, moved to XMITIP/SDSF
2025-04-04 07:45:25.050279 - Found SDSFEXT.txt (text/plain) in SLBD.XMITIP.PDS, moved to XMITIP/SDSFEXT
2025-04-04 07:45:25.050392 - Found SECURPDF.txt (text/plain) in SLBD.XMITIP.PDS, moved to XMITIP/SECURPDF
2025-04-04 07:45:25.050499 - Found SENDMAIL.txt (text/plain) in SLBD.XMITIP.PDS, moved to XMITIP/SENDMAIL
2025-04-04 07:45:25.050614 - Found SERVER.txt (text/plain) in SLBD.XMITIP.PDS, moved to XMITIP/SERVER
2025-04-04 07:45:25.050728 - Found SMTPEXIT.txt (text/plain) in SLBD.XMITIP.PDS, moved to XMITIP/SMTPEXIT
2025-04-04 07:45:25.050838 - Found SMTPRTN.jcl (text/plain) in SLBD.XMITIP.PDS, moved to XMITIP/SMTPRTN
2025-04-04 07:45:25.050950 - Found SMTPRTND.txt (text/plain) in SLBD.XMITIP.PDS, moved to XMITIP/SMTPRTND
2025-04-04 07:45:25.051055 - Found SMTPUPD.txt (text/plain) in SLBD.XMITIP.PDS, moved to XMITIP/SMTPUPD
2025-04-04 07:45:25.051175 - Found SMTPVFY.jcl (text/plain) in SLBD.XMITIP.PDS, moved to XMITIP/SMTPVFY
2025-04-04 07:45:25.051292 - Found SMTPXLTB.rexx (text/plain) in SLBD.XMITIP.PDS, moved to XMITIP/SMTPXLTB
2025-04-04 07:45:25.051411 - Found SPOOF1.txt (text/plain) in SLBD.XMITIP.PDS, moved to XMITIP/SPOOF1
2025-04-04 07:45:25.051568 - Found SPOOF2.txt (text/plain) in SLBD.XMITIP.PDS, moved to XMITIP/SPOOF2
2025-04-04 07:45:25.051720 - Found STATJCL.jcl (text/plain) in SLBD.XMITIP.PDS, moved to XMITIP/STATJCL
2025-04-04 07:45:25.051855 - Found STEMPUSH.txt (text/plain) in SLBD.XMITIP.PDS, moved to XMITIP/STEMPUSH
2025-04-04 07:45:25.051993 - Found TCPDATA.txt (text/plain) in SLBD.XMITIP.PDS, moved to XMITIP/TCPDATA
2025-04-04 07:45:25.052132 - Found TDA.xmi (application/xmit) in SLBD.XMITIP.PDS, moved to XMITIP/TDA.xmi
2025-04-04 07:45:25.080774 - Received SLBD.XMITIP.TDA.PDS from TDA.xmi 
2025-04-04 07:45:25.081287 - Found LBD1A.txt (text/plain) in SLBD.XMITIP.TDA.PDS, moved to XMITIP/TDA/LBD1A
2025-04-04 07:45:25.081428 - Found LBD1M.txt (text/plain) in SLBD.XMITIP.TDA.PDS, moved to XMITIP/TDA/LBD1M
2025-04-04 07:45:25.081747 - Found MODEL.txt (text/plain) in SLBD.XMITIP.TDA.PDS, moved to XMITIP/TDA/MODEL
2025-04-04 07:45:25.081883 - Found TDLBD1.txt (text/plain) in SLBD.XMITIP.TDA.PDS, moved to XMITIP/TDA/TDLBD1
2025-04-04 07:45:25.082253 - Found TEST$CSV.txt (text/plain) in SLBD.XMITIP.PDS, moved to XMITIP/TEST$CSV
2025-04-04 07:45:25.082383 - Found TEST$CSW.txt (text/plain) in SLBD.XMITIP.PDS, moved to XMITIP/TEST$CSW
2025-04-04 07:45:25.082527 - Found TEST$GIF.gif (image/gif) in SLBD.XMITIP.PDS, moved to XMITIP/TEST$GIF
2025-04-04 07:45:25.082640 - Found TESTNULL.bin (application/octet-stream) in SLBD.XMITIP.PDS, moved to XMITIP/TESTNULL
2025-04-04 07:45:25.082747 - Found TESTXMIT.rexx (text/plain) in SLBD.XMITIP.PDS, moved to XMITIP/TESTXMIT
2025-04-04 07:45:25.082864 - Found TMSGQ.rexx (text/plain) in SLBD.XMITIP.PDS, moved to XMITIP/TMSGQ
2025-04-04 07:45:25.082986 - Found TOOLS.txt (text/plain) in SLBD.XMITIP.PDS, moved to XMITIP/TOOLS
2025-04-04 07:45:25.083091 - Found TXT2HTML.txt (text/plain) in SLBD.XMITIP.PDS, moved to XMITIP/TXT2HTML
2025-04-04 07:45:25.083198 - Found T2PCFG.txt (text/plain) in SLBD.XMITIP.PDS, moved to XMITIP/T2PCFG
2025-04-04 07:45:25.083316 - Found UDSMTP.txt (text/plain) in SLBD.XMITIP.PDS, moved to XMITIP/UDSMTP
2025-04-04 07:45:25.083528 - Found UDSMTPS.xmi (application/xmit) in SLBD.XMITIP.PDS, moved to XMITIP/UDSMTPS.xmi
2025-04-04 07:45:25.094730 - Received SLBD.XMITIP.UDSMTPS.TAR.GZ from UDSMTPS.xmi 
2025-04-04 07:45:25.094922 - Found SLBD.XMITIP.UDSMTPS.TAR.GZ.gzip (application/gzip), moved to XMITIP/UDSMTPS/SLBD.XMITIP.UDSMTPS.TAR.GZ
2025-04-04 07:45:25.095146 - Found XMITIPSP.jcl (text/plain) in SLBD.XMITIP.PDS, moved to XMITIP/XMITIPSP
2025-04-04 07:45:25.095263 - Found XMITIPTD.txt (text/plain) in SLBD.XMITIP.PDS, moved to XMITIP/XMITIPTD
2025-04-04 07:45:25.095373 - Found XMITSTAT.txt (text/plain) in SLBD.XMITIP.PDS, moved to XMITIP/XMITSTAT
2025-04-04 07:45:25.098561 - Found XMITIP$.bin (application/octet-stream) in SBGOLOB.CBT509.FILE314, moved to PDS/XMITIP$
2025-04-04 07:45:25.098722 - Found XMITIP$$.txt (text/plain) in SBGOLOB.CBT509.FILE314, moved to PDS/XMITIP$$
2025-04-04 07:45:25.099094 - Found XMITIP#.pdf (application/pdf) in SBGOLOB.CBT509.FILE314, moved to docs/XMITIP#.pdf
2025-04-04 07:45:25.099301 - Found XMITIP@.doc (application/msword) in SBGOLOB.CBT509.FILE314, moved to docs/XMITIP@.doc
2025-04-04 07:45:25.099764 - Found XMITIPR.rtf (text/rtf) in SBGOLOB.CBT509.FILE314, moved to PDS/XMITIPR
2025-04-04 07:45:25.099910 - Found XMITVM.rexx (text/plain) in SBGOLOB.CBT509.FILE314, moved to PDS/XMITVM
2025-04-04 07:45:25.100041 - Found XMITXLAT.pdf (application/pdf) in SBGOLOB.CBT509.FILE314, moved to docs/XMITXLAT.pdf
2025-04-04 07:45:25.100175 - Found ZCLONE.xmi (application/xmit) in SBGOLOB.CBT509.FILE314, moved to PDS/ZCLONE.xmi
2025-04-04 07:45:25.127688 - Received T311LBD.ZCLONE.PDS from ZCLONE.xmi 
2025-04-04 07:45:25.128178 - Found $DOC.txt (text/plain) in T311LBD.ZCLONE.PDS, moved to ZCLONE/$DOC
2025-04-04 07:45:25.128315 - Found $RECV.rexx (text/plain) in T311LBD.ZCLONE.PDS, moved to ZCLONE/$RECV
2025-04-04 07:45:25.128463 - Found EXEC.xmi (application/xmit) in T311LBD.ZCLONE.PDS, moved to ZCLONE/EXEC.xmi
2025-04-04 07:45:25.154022 - Received T311LBD.ZCLONE.EXEC from EXEC.xmi 
2025-04-04 07:45:25.154448 - Found ZCLONE.rexx (text/plain) in T311LBD.ZCLONE.EXEC, moved to ZCLONE/EXEC/ZCLONE
2025-04-04 07:45:25.155012 - Found ZFSTOOLS.xmi (application/xmit) in SBGOLOB.CBT509.FILE314, moved to PDS/ZFSTOOLS.xmi
2025-04-04 07:45:25.205015 - Received LBDYCK.ZFSTOOLS.PDS from ZFSTOOLS.xmi 
2025-04-04 07:45:25.205541 - Found $DOC.txt (text/plain) in LBDYCK.ZFSTOOLS.PDS, moved to ZFSTOOLS/$DOC
2025-04-04 07:45:25.205690 - Found $RECV.rexx (text/plain) in LBDYCK.ZFSTOOLS.PDS, moved to ZFSTOOLS/$RECV
2025-04-04 07:45:25.205812 - Found $REMNT.txt (text/plain) in LBDYCK.ZFSTOOLS.PDS, moved to ZFSTOOLS/$REMNT
2025-04-04 07:45:25.205983 - Found EXEC.xmi (application/xmit) in LBDYCK.ZFSTOOLS.PDS, moved to ZFSTOOLS/EXEC.xmi
2025-04-04 07:45:25.457046 - Received LBDYCK.ZFSTOOLS.EXEC from EXEC.xmi 
2025-04-04 07:45:25.458015 - Found ZFSADM.rexx (text/plain) in LBDYCK.ZFSTOOLS.EXEC, moved to ZFSTOOLS/EXEC/ZFSADM
2025-04-04 07:45:25.458149 - Found ZFSADMSU.rexx (text/plain) in LBDYCK.ZFSTOOLS.EXEC, moved to ZFSTOOLS/EXEC/ZFSADMSU
2025-04-04 07:45:25.458273 - Found ZFSALLOC.rexx (text/plain) in LBDYCK.ZFSTOOLS.EXEC, moved to ZFSTOOLS/EXEC/ZFSALLOC
2025-04-04 07:45:25.458401 - Found ZFSAMNT.rexx (text/plain) in LBDYCK.ZFSTOOLS.EXEC, moved to ZFSTOOLS/EXEC/ZFSAMNT
2025-04-04 07:45:25.458526 - Found ZFSBACK.rexx (text/plain) in LBDYCK.ZFSTOOLS.EXEC, moved to ZFSTOOLS/EXEC/ZFSBACK
2025-04-04 07:45:25.458645 - Found ZFSCOPY.rexx (text/plain) in LBDYCK.ZFSTOOLS.EXEC, moved to ZFSTOOLS/EXEC/ZFSCOPY
2025-04-04 07:45:25.458760 - Found ZFSGROW.rexx (text/plain) in LBDYCK.ZFSTOOLS.EXEC, moved to ZFSTOOLS/EXEC/ZFSGROW
2025-04-04 07:45:25.458879 - Found ZFSIBM.rexx (text/plain) in LBDYCK.ZFSTOOLS.EXEC, moved to ZFSTOOLS/EXEC/ZFSIBM
2025-04-04 07:45:25.458992 - Found ZFSMENU.rexx (text/plain) in LBDYCK.ZFSTOOLS.EXEC, moved to ZFSTOOLS/EXEC/ZFSMENU
2025-04-04 07:45:25.459105 - Found ZFSMNT.rexx (text/plain) in LBDYCK.ZFSTOOLS.EXEC, moved to ZFSTOOLS/EXEC/ZFSMNT
2025-04-04 07:45:25.459219 - Found ZFSRENAM.rexx (text/plain) in LBDYCK.ZFSTOOLS.EXEC, moved to ZFSTOOLS/EXEC/ZFSRENAM
2025-04-04 07:45:25.459337 - Found ZFSREST.rexx (text/plain) in LBDYCK.ZFSTOOLS.EXEC, moved to ZFSTOOLS/EXEC/ZFSREST
2025-04-04 07:45:25.459461 - Found ZFSRMNT.rexx (text/plain) in LBDYCK.ZFSTOOLS.EXEC, moved to ZFSTOOLS/EXEC/ZFSRMNT
2025-04-04 07:45:25.459579 - Found ZFSSHRK.rexx (text/plain) in LBDYCK.ZFSTOOLS.EXEC, moved to ZFSTOOLS/EXEC/ZFSSHRK
2025-04-04 07:45:25.459700 - Found ZFSSIZER.rexx (text/plain) in LBDYCK.ZFSTOOLS.EXEC, moved to ZFSTOOLS/EXEC/ZFSSIZER
2025-04-04 07:45:25.459815 - Found ZFSTOOLS.rexx (text/plain) in LBDYCK.ZFSTOOLS.EXEC, moved to ZFSTOOLS/EXEC/ZFSTOOLS
2025-04-04 07:45:25.459933 - Found ZFSUMNT.rexx (text/plain) in LBDYCK.ZFSTOOLS.EXEC, moved to ZFSTOOLS/EXEC/ZFSUMNT
2025-04-04 07:45:25.460056 - Found ZFSUSE.rexx (text/plain) in LBDYCK.ZFSTOOLS.EXEC, moved to ZFSTOOLS/EXEC/ZFSUSE
2025-04-04 07:45:25.460171 - Found ZFSUSET.rexx (text/plain) in LBDYCK.ZFSTOOLS.EXEC, moved to ZFSTOOLS/EXEC/ZFSUSET
2025-04-04 07:45:25.460293 - Found ZFSZLSOF.rexx (text/plain) in LBDYCK.ZFSTOOLS.EXEC, moved to ZFSTOOLS/EXEC/ZFSZLSOF
2025-04-04 07:45:25.461167 - Found PANELS.xmi (application/xmit) in LBDYCK.ZFSTOOLS.PDS, moved to ZFSTOOLS/PANELS.xmi
2025-04-04 07:45:25.639880 - Received LBDYCK.ZFSTOOLS.PANELS from PANELS.xmi 
2025-04-04 07:45:25.640921 - Found ZFSADM.txt (text/plain) in LBDYCK.ZFSTOOLS.PANELS, moved to ZFSTOOLS/PANELS/ZFSADM
2025-04-04 07:45:25.641060 - Found ZFSALLOC.txt (text/plain) in LBDYCK.ZFSTOOLS.PANELS, moved to ZFSTOOLS/PANELS/ZFSALLOC
2025-04-04 07:45:25.641181 - Found ZFSAMNT.txt (text/plain) in LBDYCK.ZFSTOOLS.PANELS, moved to ZFSTOOLS/PANELS/ZFSAMNT
2025-04-04 07:45:25.641313 - Found ZFSBACK.txt (text/plain) in LBDYCK.ZFSTOOLS.PANELS, moved to ZFSTOOLS/PANELS/ZFSBACK
2025-04-04 07:45:25.641428 - Found ZFSCOPY.txt (text/plain) in LBDYCK.ZFSTOOLS.PANELS, moved to ZFSTOOLS/PANELS/ZFSCOPY
2025-04-04 07:45:25.641540 - Found ZFSGROW.txt (text/plain) in LBDYCK.ZFSTOOLS.PANELS, moved to ZFSTOOLS/PANELS/ZFSGROW
2025-04-04 07:45:25.641651 - Found ZFSMENU.txt (text/plain) in LBDYCK.ZFSTOOLS.PANELS, moved to ZFSTOOLS/PANELS/ZFSMENU
2025-04-04 07:45:25.641772 - Found ZFSMENU1.txt (text/plain) in LBDYCK.ZFSTOOLS.PANELS, moved to ZFSTOOLS/PANELS/ZFSMENU1
2025-04-04 07:45:25.641882 - Found ZFSMENU2.txt (text/plain) in LBDYCK.ZFSTOOLS.PANELS, moved to ZFSTOOLS/PANELS/ZFSMENU2
2025-04-04 07:45:25.641994 - Found ZFSMNT.txt (text/plain) in LBDYCK.ZFSTOOLS.PANELS, moved to ZFSTOOLS/PANELS/ZFSMNT
2025-04-04 07:45:25.642116 - Found ZFSQUERY.txt (text/plain) in LBDYCK.ZFSTOOLS.PANELS, moved to ZFSTOOLS/PANELS/ZFSQUERY
2025-04-04 07:45:25.642230 - Found ZFSRENAM.txt (text/plain) in LBDYCK.ZFSTOOLS.PANELS, moved to ZFSTOOLS/PANELS/ZFSRENAM
2025-04-04 07:45:25.642339 - Found ZFSREST.txt (text/plain) in LBDYCK.ZFSTOOLS.PANELS, moved to ZFSTOOLS/PANELS/ZFSREST
2025-04-04 07:45:25.642465 - Found ZFSRMNTH.txt (text/plain) in LBDYCK.ZFSTOOLS.PANELS, moved to ZFSTOOLS/PANELS/ZFSRMNTH
2025-04-04 07:45:25.642586 - Found ZFSRMNTP.txt (text/plain) in LBDYCK.ZFSTOOLS.PANELS, moved to ZFSTOOLS/PANELS/ZFSRMNTP
2025-04-04 07:45:25.642694 - Found ZFSRMNTQ.txt (text/plain) in LBDYCK.ZFSTOOLS.PANELS, moved to ZFSTOOLS/PANELS/ZFSRMNTQ
2025-04-04 07:45:25.642806 - Found ZFSSHRK.txt (text/plain) in LBDYCK.ZFSTOOLS.PANELS, moved to ZFSTOOLS/PANELS/ZFSSHRK
2025-04-04 07:45:25.642929 - Found ZFSUMNT.txt (text/plain) in LBDYCK.ZFSTOOLS.PANELS, moved to ZFSTOOLS/PANELS/ZFSUMNT
2025-04-04 07:45:25.643055 - Found ZFSUSE.txt (text/plain) in LBDYCK.ZFSTOOLS.PANELS, moved to ZFSTOOLS/PANELS/ZFSUSE
2025-04-04 07:45:25.643162 - Found ZFSUSEM.txt (text/plain) in LBDYCK.ZFSTOOLS.PANELS, moved to ZFSTOOLS/PANELS/ZFSUSEM
2025-04-04 07:45:25.643282 - Found ZFSUSETB.txt (text/plain) in LBDYCK.ZFSTOOLS.PANELS, moved to ZFSTOOLS/PANELS/ZFSUSETB
2025-04-04 07:45:25.643403 - Found ZFSUSETH.txt (text/plain) in LBDYCK.ZFSTOOLS.PANELS, moved to ZFSTOOLS/PANELS/ZFSUSETH
2025-04-04 07:45:25.643514 - Found ZFSUSETW.txt (text/plain) in LBDYCK.ZFSTOOLS.PANELS, moved to ZFSTOOLS/PANELS/ZFSUSETW
2025-04-04 07:45:25.644648 - Found ZOOM.rexx (text/plain) in SBGOLOB.CBT509.FILE314, moved to PDS/ZOOM
2025-04-04 07:45:25.644782 - Found ZOSLOG.xmi (application/xmit) in SBGOLOB.CBT509.FILE314, moved to PDS/ZOSLOG.xmi
2025-04-04 07:45:25.667667 - Received T311LBD.ZOSLOG.PDS from ZOSLOG.xmi 
2025-04-04 07:45:25.668105 - Found $DOC.txt (text/plain) in T311LBD.ZOSLOG.PDS, moved to ZOSLOG/$DOC
2025-04-04 07:45:25.668234 - Found $RECV.rexx (text/plain) in T311LBD.ZOSLOG.PDS, moved to ZOSLOG/$RECV
2025-04-04 07:45:25.668360 - Found EXEC.xmi (application/xmit) in T311LBD.ZOSLOG.PDS, moved to ZOSLOG/EXEC.xmi
2025-04-04 07:45:25.685173 - Received T311LBD.ZOSLOG.EXEC from EXEC.xmi 
2025-04-04 07:45:25.685570 - Found ZOSLOG.rexx (text/plain) in T311LBD.ZOSLOG.EXEC, moved to ZOSLOG/EXEC/ZOSLOG
2025-04-04 07:45:25.685874 - Found PANELS.xmi (application/xmit) in T311LBD.ZOSLOG.PDS, moved to ZOSLOG/PANELS.xmi
2025-04-04 07:45:25.703875 - Received T311LBD.ZOSLOG.PANELS from PANELS.xmi 
2025-04-04 07:45:25.704327 - Found ZOSLOG.txt (text/plain) in T311LBD.ZOSLOG.PANELS, moved to ZOSLOG/PANELS/ZOSLOG
2025-04-04 07:45:25.704459 - Found ZOSLOGH.txt (text/plain) in T311LBD.ZOSLOG.PANELS, moved to ZOSLOG/PANELS/ZOSLOGH
2025-04-04 07:45:25.704965 - Found ZSTART.xmi (application/xmit) in SBGOLOB.CBT509.FILE314, moved to PDS/ZSTART.xmi
2025-04-04 07:45:25.753779 - Received T311LBD.ZSTART.PDS from ZSTART.xmi 
2025-04-04 07:45:25.754266 - Found $$$$READ.txt (text/plain) in T311LBD.ZSTART.PDS, moved to ZSTART/$$$$READ
2025-04-04 07:45:25.754394 - Found $CHANGES.txt (text/plain) in T311LBD.ZSTART.PDS, moved to ZSTART/$CHANGES
2025-04-04 07:45:25.754515 - Found $DOC.txt (text/plain) in T311LBD.ZSTART.PDS, moved to ZSTART/$DOC
2025-04-04 07:45:25.754644 - Found ZSTART.rexx (text/plain) in T311LBD.ZSTART.PDS, moved to ZSTART/ZSTART
2025-04-04 07:45:25.755463 - Found ZSYNC.xmi (application/xmit) in SBGOLOB.CBT509.FILE314, moved to PDS/ZSYNC.xmi
2025-04-04 07:45:25.805275 - Received LBDYCK.ZSYNC.PDS from ZSYNC.xmi 
2025-04-04 07:45:25.805744 - Found $DOC.txt (text/plain) in LBDYCK.ZSYNC.PDS, moved to ZSYNC/$DOC
2025-04-04 07:45:25.805885 - Found $INSTALL.txt (text/plain) in LBDYCK.ZSYNC.PDS, moved to ZSYNC/$INSTALL
2025-04-04 07:45:25.806031 - Found ZSYNC.rexx (text/plain) in LBDYCK.ZSYNC.PDS, moved to ZSYNC/ZSYNC
2025-04-04 07:45:25.806614 - Found ZTSOHELP.xmi (application/xmit) in SBGOLOB.CBT509.FILE314, moved to PDS/ZTSOHELP.xmi
2025-04-04 07:45:25.923173 - Received LBDYCK.ZTSOHELP.PDS from ZTSOHELP.xmi 
2025-04-04 07:45:25.923700 - Found $README.txt (text/plain) in LBDYCK.ZTSOHELP.PDS, moved to ZTSOHELP/$README
2025-04-04 07:45:25.923960 - Found REXX.txt (text/plain) in LBDYCK.ZTSOHELP.PDS, moved to ZTSOHELP/REXX
2025-04-04 07:45:25.924099 - Found ZTSOHELP.rexx (text/plain) in LBDYCK.ZTSOHELP.PDS, moved to ZTSOHELP/ZTSOHELP
